<?xml version="1.0" encoding="UTF-8"?>
<testsuite xmlns:xsi="http://www.w3.org/2001/XMLSchema-instance" xsi:noNamespaceSchemaLocation="https://maven.apache.org/surefire/maven-surefire-plugin/xsd/surefire-test-report-3.0.xsd" version="3.0" name="com.example.chatBotIngInformatica.ChatBotIngInformaticaApplicationTests" time="2.557" tests="1" errors="0" skipped="0" failures="0">
  <properties>
[...]
</properties>
  <testcase name="contextLoads" classname="com.example.chatBotIngInformatica.ChatBotIngInformaticaApplicationTests" time="0.786">
    <system-out><![CDATA[00:55:39.024 [main] INFO org.springframework.test.context.support.AnnotationConfigContextLoaderUtils -- Could not detect default configuration classes for test class [com.example.chatBotIngInformatica.ChatBotIngInformaticaApplicationTests]: ChatBotIngInformaticaApplicationTests does not declare any static, non-private, non-final, nested classes annotated with @Configuration.
00:55:39.117 [main] INFO org.springframework.boot.test.context.SpringBootTestContextBootstrapper -- Found @SpringBootConfiguration com.example.chatBotIngInformatica.ChatBotIngInformaticaApplication for test class com.example.chatBotIngInformatica.ChatBotIngInformaticaApplicationTests
00:55:39.275 [main] INFO org.springframework.boot.devtools.restart.RestartApplicationListener -- Restart disabled due to context in which it is running

  .   ____          _            __ _ _
 /\\ / ___'_ __ _ _(_)_ __  __ _ \ \ \ \
( ( )\___ | '_ | '_| | '_ \/ _` | \ \ \ \
 \\/  ___)| |_)| | | | | || (_| |  ) ) ) )
  '  |____| .__|_| |_|_| |_\__, | / / / /
 =========|_|==============|___/=/_/_/_/

 :: Spring Boot ::                (v3.3.3)

2024-10-02T00:55:39.517-03:00  INFO 7792 --- [chatBotIngInformatica] [           main] .c.ChatBotIngInformaticaApplicationTests : Starting ChatBotIngInformaticaApplicationTests using Java 21.0.2 with PID 7792 (started by Lisandro in F:\proyectos\chatBotIng-master)
2024-10-02T00:55:39.518-03:00  INFO 7792 --- [chatBotIngInformatica] [           main] .c.ChatBotIngInformaticaApplicationTests : No active profile set, falling back to 1 default profile: "default"
2024-10-02T00:55:40.386-03:00  INFO 7792 --- [chatBotIngInformatica] [           main] o.s.b.a.w.s.WelcomePageHandlerMapping    : Adding welcome page: class path resource [static/index.html]
2024-10-02T00:55:40.615-03:00  INFO 7792 --- [chatBotIngInformatica] [           main] .c.ChatBotIngInformaticaApplicationTests : Started ChatBotIngInformaticaApplicationTests in 1.353 seconds (process running for 2.275)
]]></system-out>
    <system-err><![CDATA[WARNING: A Java agent has been loaded dynamically (C:\Users\Lisandro\.m2\repository\net\bytebuddy\byte-buddy-agent\1.14.19\byte-buddy-agent-1.14.19.jar)
WARNING: If a serviceability tool is in use, please run with -XX:+EnableDynamicAgentLoading to hide this warning
WARNING: If a serviceability tool is not in use, please run with -Djdk.instrument.traceUsage for more information
WARNING: Dynamic loading of agents will be disallowed by default in a future release
]]></system-err>
  </testcase>
</testsuite>